\BOOKMARK [0][-]{chapter.1}{Installation and Execution}{}% 1
\BOOKMARK [1][-]{section.1.1}{Installation}{chapter.1}% 2
\BOOKMARK [1][-]{section.1.2}{Execution}{chapter.1}% 3
\BOOKMARK [1][-]{section.1.3}{Command line option}{chapter.1}% 4
\BOOKMARK [2][-]{subsection.1.3.1}{Case 1: Build cross section from parametric input files}{section.1.3}% 5
\BOOKMARK [2][-]{subsection.1.3.2}{Case 2: Carry out homogenization without visualization}{section.1.3}% 6
\BOOKMARK [2][-]{subsection.1.3.3}{Case 3: Predict 3D stress/strain and plot}{section.1.3}% 7
\BOOKMARK [0][-]{chapter.2}{Prepare Cross Section}{}% 8
\BOOKMARK [1][-]{section.2.1}{Introduction}{chapter.2}% 9
\BOOKMARK [1][-]{section.2.2}{Coordinate systems}{chapter.2}% 10
\BOOKMARK [1][-]{section.2.3}{Base points and lines}{chapter.2}% 11
\BOOKMARK [2][-]{subsection.2.3.1}{Base points}{section.2.3}% 12
\BOOKMARK [2][-]{subsection.2.3.2}{Base lines}{section.2.3}% 13
\BOOKMARK [1][-]{section.2.4}{Materials and layups}{chapter.2}% 14
\BOOKMARK [2][-]{subsection.2.4.1}{Materials and laminae}{section.2.4}% 15
\BOOKMARK [2][-]{subsection.2.4.2}{Layups}{section.2.4}% 16
\BOOKMARK [1][-]{section.2.5}{Segments and connections}{chapter.2}% 17
\BOOKMARK [1][-]{section.2.6}{Other components}{chapter.2}% 18
\BOOKMARK [1][-]{section.2.7}{Overall configurations}{chapter.2}% 19
\BOOKMARK [1][-]{section.2.8}{Recovery}{chapter.2}% 20
\BOOKMARK [0][-]{chapter.3}{Examples}{}% 21
\BOOKMARK [1][-]{section.3.1}{Material Database}{chapter.3}% 22
\BOOKMARK [1][-]{section.3.2}{Box beam}{chapter.3}% 23
\BOOKMARK [1][-]{section.3.3}{Pipe}{chapter.3}% 24
\BOOKMARK [1][-]{section.3.4}{Circular tube}{chapter.3}% 25
\BOOKMARK [1][-]{section.3.5}{Channel}{chapter.3}% 26
\BOOKMARK [1][-]{section.3.6}{I beam}{chapter.3}% 27
\BOOKMARK [1][-]{section.3.7}{Airfoil}{chapter.3}% 28
\BOOKMARK [1][-]{section.3.8}{Airfoil \(Recover\)}{chapter.3}% 29
