This is pdfTeX, Version 3.14159265-2.6-1.40.17 (MiKTeX 2.9.6210 64-bit) (preloaded format=pdflatex 2017.5.30)  3 MAR 2019 00:22
entering extended mode
**c:/Users/unita/sall/s02-study/s3-develop/d11-prevabs_old/prevabs/share/doc/prevabs/PreVABS_Users_Manual.tex
(c:/Users/unita/sall/s02-study/s3-develop/d11-prevabs_old/prevabs/share/doc/prevabs/PreVABS_Users_Manual.tex
LaTeX2e <2017/01/01> patch level 1
Babel <3.9r> and hyphenation patterns for 75 language(s) loaded.
("C:\Program Files\MiKTeX 2.9\tex\latex\base\book.cls"
Document Class: book 2014/09/29 v1.4h Standard LaTeX document class
("C:\Program Files\MiKTeX 2.9\tex\latex\base\bk10.clo"
File: bk10.clo 2014/09/29 v1.4h Standard LaTeX file (size option)
)
\c@part=\count79
\c@chapter=\count80
\c@section=\count81
\c@subsection=\count82
\c@subsubsection=\count83
\c@paragraph=\count84
\c@subparagraph=\count85
\c@figure=\count86
\c@table=\count87
\abovecaptionskip=\skip41
\belowcaptionskip=\skip42
\bibindent=\dimen102
) ("C:\Program Files\MiKTeX 2.9\tex\latex\amsmath\amsmath.sty"
Package: amsmath 2016/11/05 v2.16a AMS math features
\@mathmargin=\skip43

For additional information on amsmath, use the `?' option.
("C:\Program Files\MiKTeX 2.9\tex\latex\amsmath\amstext.sty"
Package: amstext 2000/06/29 v2.01 AMS text
 ("C:\Program Files\MiKTeX 2.9\tex\latex\amsmath\amsgen.sty"
File: amsgen.sty 1999/11/30 v2.0 generic functions
\@emptytoks=\toks14
\ex@=\dimen103
)) ("C:\Program Files\MiKTeX 2.9\tex\latex\amsmath\amsbsy.sty"
Package: amsbsy 1999/11/29 v1.2d Bold Symbols
\pmbraise@=\dimen104
) ("C:\Program Files\MiKTeX 2.9\tex\latex\amsmath\amsopn.sty"
Package: amsopn 2016/03/08 v2.02 operator names
)
\inf@bad=\count88
LaTeX Info: Redefining \frac on input line 213.
\uproot@=\count89
\leftroot@=\count90
LaTeX Info: Redefining \overline on input line 375.
\classnum@=\count91
\DOTSCASE@=\count92
LaTeX Info: Redefining \ldots on input line 472.
LaTeX Info: Redefining \dots on input line 475.
LaTeX Info: Redefining \cdots on input line 596.
\Mathstrutbox@=\box26
\strutbox@=\box27
\big@size=\dimen105
LaTeX Font Info:    Redeclaring font encoding OML on input line 712.
LaTeX Font Info:    Redeclaring font encoding OMS on input line 713.
\macc@depth=\count93
\c@MaxMatrixCols=\count94
\dotsspace@=\muskip10
\c@parentequation=\count95
\dspbrk@lvl=\count96
\tag@help=\toks15
\row@=\count97
\column@=\count98
\maxfields@=\count99
\andhelp@=\toks16
\eqnshift@=\dimen106
\alignsep@=\dimen107
\tagshift@=\dimen108
\tagwidth@=\dimen109
\totwidth@=\dimen110
\lineht@=\dimen111
\@envbody=\toks17
\multlinegap=\skip44
\multlinetaggap=\skip45
\mathdisplay@stack=\toks18
LaTeX Info: Redefining \[ on input line 2817.
LaTeX Info: Redefining \] on input line 2818.
) ("C:\Program Files\MiKTeX 2.9\tex\latex\booktabs\booktabs.sty"
Package: booktabs 2005/04/14 v1.61803 publication quality tables
\heavyrulewidth=\dimen112
\lightrulewidth=\dimen113
\cmidrulewidth=\dimen114
\belowrulesep=\dimen115
\belowbottomsep=\dimen116
\aboverulesep=\dimen117
\abovetopsep=\dimen118
\cmidrulesep=\dimen119
\cmidrulekern=\dimen120
\defaultaddspace=\dimen121
\@cmidla=\count100
\@cmidlb=\count101
\@aboverulesep=\dimen122
\@belowrulesep=\dimen123
\@thisruleclass=\count102
\@lastruleclass=\count103
\@thisrulewidth=\dimen124
) ("C:\Program Files\MiKTeX 2.9\tex\latex\cite\cite.sty"
LaTeX Info: Redefining \cite on input line 302.
LaTeX Info: Redefining \nocite on input line 332.
Package: cite 2015/02/27  v 5.5
) ("C:\Program Files\MiKTeX 2.9\tex\latex\tools\dcolumn.sty"
Package: dcolumn 2014/10/28 v1.06 decimal alignment package (DPC)
 ("C:\Program Files\MiKTeX 2.9\tex\latex\tools\array.sty"
Package: array 2016/10/06 v2.4d Tabular extension package (FMi)
\col@sep=\dimen125
\extrarowheight=\dimen126
\NC@list=\toks19
\extratabsurround=\skip46
\backup@length=\skip47
)) ("C:\Program Files\MiKTeX 2.9\tex\latex\enumitem\enumitem.sty"
Package: enumitem 2011/09/28 v3.5.2 Customized lists
\enitkv@toks@=\toks20
\labelindent=\skip48
\enit@outerparindent=\dimen127
\enit@toks=\toks21
\enit@inbox=\box28
\enitdp@description=\count104
) ("C:\Program Files\MiKTeX 2.9\tex\latex\geometry\geometry.sty"
Package: geometry 2010/09/12 v5.6 Page Geometry
 ("C:\Program Files\MiKTeX 2.9\tex\latex\graphics\keyval.sty"
Package: keyval 2014/10/28 v1.15 key=value parser (DPC)
\KV@toks@=\toks22
) ("C:\Program Files\MiKTeX 2.9\tex\generic\oberdiek\ifpdf.sty"
Package: ifpdf 2016/05/14 v3.1 Provides the ifpdf switch
) ("C:\Program Files\MiKTeX 2.9\tex\generic\oberdiek\ifvtex.sty"
Package: ifvtex 2016/05/16 v1.6 Detect VTeX and its facilities (HO)
Package ifvtex Info: VTeX not detected.
) ("C:\Program Files\MiKTeX 2.9\tex\generic\ifxetex\ifxetex.sty"
Package: ifxetex 2010/09/12 v0.6 Provides ifxetex conditional
)
\Gm@cnth=\count105
\Gm@cntv=\count106
\c@Gm@tempcnt=\count107
\Gm@bindingoffset=\dimen128
\Gm@wd@mp=\dimen129
\Gm@odd@mp=\dimen130
\Gm@even@mp=\dimen131
\Gm@layoutwidth=\dimen132
\Gm@layoutheight=\dimen133
\Gm@layouthoffset=\dimen134
\Gm@layoutvoffset=\dimen135
\Gm@dimlist=\toks23
 ("C:\Program Files\MiKTeX 2.9\tex\latex\geometry\geometry.cfg")) ("C:\Program Files\MiKTeX 2.9\tex\latex\graphics\graphicx.sty"
Package: graphicx 2014/10/28 v1.0g Enhanced LaTeX Graphics (DPC,SPQR)
 ("C:\Program Files\MiKTeX 2.9\tex\latex\graphics\graphics.sty"
Package: graphics 2016/10/09 v1.0u Standard LaTeX Graphics (DPC,SPQR)
 ("C:\Program Files\MiKTeX 2.9\tex\latex\graphics\trig.sty"
Package: trig 2016/01/03 v1.10 sin cos tan (DPC)
) ("C:\Program Files\MiKTeX 2.9\tex\latex\graphics-cfg\graphics.cfg"
File: graphics.cfg 2016/06/04 v1.11 sample graphics configuration
)
Package graphics Info: Driver file: pdftex.def on input line 99.
 ("C:\Program Files\MiKTeX 2.9\tex\latex\graphics-def\pdftex.def"
File: pdftex.def 2017/01/12 v0.06k Graphics/color for pdfTeX
 ("C:\Program Files\MiKTeX 2.9\tex\generic\oberdiek\infwarerr.sty"
Package: infwarerr 2016/05/16 v1.4 Providing info/warning/error messages (HO)
) ("C:\Program Files\MiKTeX 2.9\tex\generic\oberdiek\ltxcmds.sty"
Package: ltxcmds 2016/05/16 v1.23 LaTeX kernel commands for general use (HO)
)
\Gread@gobject=\count108
))
\Gin@req@height=\dimen136
\Gin@req@width=\dimen137
) ("C:\Program Files\MiKTeX 2.9\tex\latex\hyperref\hyperref.sty"
Package: hyperref 2016/06/24 v6.83q Hypertext links for LaTeX
 ("C:\Program Files\MiKTeX 2.9\tex\generic\oberdiek\hobsub-hyperref.sty"
Package: hobsub-hyperref 2016/05/16 v1.14 Bundle oberdiek, subset hyperref (HO)
 ("C:\Program Files\MiKTeX 2.9\tex\generic\oberdiek\hobsub-generic.sty"
Package: hobsub-generic 2016/05/16 v1.14 Bundle oberdiek, subset generic (HO)
Package: hobsub 2016/05/16 v1.14 Construct package bundles (HO)
Package hobsub Info: Skipping package `infwarerr' (already loaded).
Package hobsub Info: Skipping package `ltxcmds' (already loaded).
Package: ifluatex 2016/05/16 v1.4 Provides the ifluatex switch (HO)
Package ifluatex Info: LuaTeX not detected.
Package hobsub Info: Skipping package `ifvtex' (already loaded).
Package: intcalc 2016/05/16 v1.2 Expandable calculations with integers (HO)
Package hobsub Info: Skipping package `ifpdf' (already loaded).
Package: etexcmds 2016/05/16 v1.6 Avoid name clashes with e-TeX commands (HO)
Package etexcmds Info: Could not find \expanded.
(etexcmds)             That can mean that you are not using pdfTeX 1.50 or
(etexcmds)             that some package has redefined \expanded.
(etexcmds)             In the latter case, load this package earlier.
Package: kvsetkeys 2016/05/16 v1.17 Key value parser (HO)
Package: kvdefinekeys 2016/05/16 v1.4 Define keys (HO)
Package: pdftexcmds 2016/05/21 v0.22 Utility functions of pdfTeX for LuaTeX (HO)
Package pdftexcmds Info: LuaTeX not detected.
Package pdftexcmds Info: \pdf@primitive is available.
Package pdftexcmds Info: \pdf@ifprimitive is available.
Package pdftexcmds Info: \pdfdraftmode found.
Package: pdfescape 2016/05/16 v1.14 Implements pdfTeX's escape features (HO)
Package: bigintcalc 2016/05/16 v1.4 Expandable calculations on big integers (HO)
Package: bitset 2016/05/16 v1.2 Handle bit-vector datatype (HO)
Package: uniquecounter 2016/05/16 v1.3 Provide unlimited unique counter (HO)
)
Package hobsub Info: Skipping package `hobsub' (already loaded).
Package: letltxmacro 2016/05/16 v1.5 Let assignment for LaTeX macros (HO)
Package: hopatch 2016/05/16 v1.3 Wrapper for package hooks (HO)
Package: xcolor-patch 2016/05/16 xcolor patch
Package: atveryend 2016/05/16 v1.9 Hooks at the very end of document (HO)
Package atveryend Info: \enddocument detected (standard20110627).
Package: atbegshi 2016/06/09 v1.18 At begin shipout hook (HO)
Package: refcount 2016/05/16 v3.5 Data extraction from label references (HO)
Package: hycolor 2016/05/16 v1.8 Color options for hyperref/bookmark (HO)
) ("C:\Program Files\MiKTeX 2.9\tex\latex\oberdiek\auxhook.sty"
Package: auxhook 2016/05/16 v1.4 Hooks for auxiliary files (HO)
) ("C:\Program Files\MiKTeX 2.9\tex\latex\oberdiek\kvoptions.sty"
Package: kvoptions 2016/05/16 v3.12 Key value format for package options (HO)
)
\@linkdim=\dimen138
\Hy@linkcounter=\count109
\Hy@pagecounter=\count110
 ("C:\Program Files\MiKTeX 2.9\tex\latex\hyperref\pd1enc.def"
File: pd1enc.def 2016/06/24 v6.83q Hyperref: PDFDocEncoding definition (HO)
)
\Hy@SavedSpaceFactor=\count111
 ("C:\Program Files\MiKTeX 2.9\tex\latex\00miktex\hyperref.cfg"
File: hyperref.cfg 2002/06/06 v1.2 hyperref configuration of TeXLive
)
Package hyperref Info: Hyper figures OFF on input line 4486.
Package hyperref Info: Link nesting OFF on input line 4491.
Package hyperref Info: Hyper index ON on input line 4494.
Package hyperref Info: Plain pages OFF on input line 4501.
Package hyperref Info: Backreferencing OFF on input line 4506.
Package hyperref Info: Implicit mode ON; LaTeX internals redefined.
Package hyperref Info: Bookmarks ON on input line 4735.
\c@Hy@tempcnt=\count112
 ("C:\Program Files\MiKTeX 2.9\tex\latex\url\url.sty"
\Urlmuskip=\muskip11
Package: url 2013/09/16  ver 3.4  Verb mode for urls, etc.
)
LaTeX Info: Redefining \url on input line 5088.
\XeTeXLinkMargin=\dimen139
\Fld@menulength=\count113
\Field@Width=\dimen140
\Fld@charsize=\dimen141
Package hyperref Info: Hyper figures OFF on input line 6342.
Package hyperref Info: Link nesting OFF on input line 6347.
Package hyperref Info: Hyper index ON on input line 6350.
Package hyperref Info: backreferencing OFF on input line 6357.
Package hyperref Info: Link coloring OFF on input line 6362.
Package hyperref Info: Link coloring with OCG OFF on input line 6367.
Package hyperref Info: PDF/A mode OFF on input line 6372.
LaTeX Info: Redefining \ref on input line 6412.
LaTeX Info: Redefining \pageref on input line 6416.
\Hy@abspage=\count114
\c@Item=\count115
\c@Hfootnote=\count116
)

Package hyperref Message: Driver (autodetected): hpdftex.

("C:\Program Files\MiKTeX 2.9\tex\latex\hyperref\hpdftex.def"
File: hpdftex.def 2016/06/24 v6.83q Hyperref driver for pdfTeX
\Fld@listcount=\count117
\c@bookmark@seq@number=\count118
 ("C:\Program Files\MiKTeX 2.9\tex\latex\oberdiek\rerunfilecheck.sty"
Package: rerunfilecheck 2016/05/16 v1.8 Rerun checks for auxiliary files (HO)
Package uniquecounter Info: New unique counter `rerunfilecheck' on input line 282.
)
\Hy@SectionHShift=\skip49
) ("C:\Program Files\MiKTeX 2.9\tex\latex\listings\listings.sty"
\lst@mode=\count119
\lst@gtempboxa=\box29
\lst@token=\toks24
\lst@length=\count120
\lst@currlwidth=\dimen142
\lst@column=\count121
\lst@pos=\count122
\lst@lostspace=\dimen143
\lst@width=\dimen144
\lst@newlines=\count123
\lst@lineno=\count124
\lst@maxwidth=\dimen145
 ("C:\Program Files\MiKTeX 2.9\tex\latex\listings\lstmisc.sty"
File: lstmisc.sty 2015/06/04 1.6 (Carsten Heinz)
\c@lstnumber=\count125
\lst@skipnumbers=\count126
\lst@framebox=\box30
) ("C:\Program Files\MiKTeX 2.9\tex\latex\listings\listings.cfg"
File: listings.cfg 2015/06/04 1.6 listings configuration
))
Package: listings 2015/06/04 1.6 (Carsten Heinz)
 ("C:\Program Files\MiKTeX 2.9\tex\latex\numprint\numprint.sty"
Package: numprint 2012/08/20 v1.39 Print numbers (HH)
\c@nprt@mantissa@digitsbefore=\count127
\c@nprt@mantissa@digitsafter=\count128
\c@nprt@exponent@digitsbefore=\count129
\c@nprt@exponent@digitsafter=\count130
\nprt@digitwidth=\skip50
\nprt@sepwidth=\skip51
\nprt@decimalwidth=\skip52
\nprt@blockwidth=\skip53
\nprt@digittoks=\toks25
\nprt@pretoks=\toks26
\nprt@posttoks=\toks27
\nprt@thisdigit=\count131
\nprt@curpos=\count132
\nprt@rndpos=\count133
\c@nprt@digitsfirstblock=\count134
\c@nprt@blockcnt=\count135
\c@nprt@cntprint=\count136
 No configuration file `numprint.cfg' found.) ("C:\Program Files\MiKTeX 2.9\tex\latex\ltxmisc\parskip.sty"
Package: parskip 2001/04/09 non-zero parskip adjustments
) ("C:\Program Files\MiKTeX 2.9\tex\latex\xcolor\xcolor.sty"
Package: xcolor 2016/05/11 v2.12 LaTeX color extensions (UK)
 ("C:\Program Files\MiKTeX 2.9\tex\latex\graphics-cfg\color.cfg"
File: color.cfg 2016/01/02 v1.6 sample color configuration
)
Package xcolor Info: Driver file: pdftex.def on input line 225.
Package xcolor Info: Model `cmy' substituted by `cmy0' on input line 1348.
Package xcolor Info: Model `hsb' substituted by `rgb' on input line 1352.
Package xcolor Info: Model `RGB' extended on input line 1364.
Package xcolor Info: Model `HTML' substituted by `rgb' on input line 1366.
Package xcolor Info: Model `Hsb' substituted by `hsb' on input line 1367.
Package xcolor Info: Model `tHsb' substituted by `hsb' on input line 1368.
Package xcolor Info: Model `HSB' substituted by `hsb' on input line 1369.
Package xcolor Info: Model `Gray' substituted by `gray' on input line 1370.
Package xcolor Info: Model `wave' substituted by `hsb' on input line 1371.
) (c:/Users\unita\sall\s02-study\s3-develop\d11-prevabs_old\prevabs\share\doc\prevabs\PreVABS_Users_Manual.aux

LaTeX Warning: Label `table:airfoil_results' multiply defined.

)
\openout1 = `PreVABS_Users_Manual.aux'.

LaTeX Font Info:    Checking defaults for OML/cmm/m/it on input line 48.
LaTeX Font Info:    ... okay on input line 48.
LaTeX Font Info:    Checking defaults for T1/cmr/m/n on input line 48.
LaTeX Font Info:    ... okay on input line 48.
LaTeX Font Info:    Checking defaults for OT1/cmr/m/n on input line 48.
LaTeX Font Info:    ... okay on input line 48.
LaTeX Font Info:    Checking defaults for OMS/cmsy/m/n on input line 48.
LaTeX Font Info:    ... okay on input line 48.
LaTeX Font Info:    Checking defaults for OMX/cmex/m/n on input line 48.
LaTeX Font Info:    ... okay on input line 48.
LaTeX Font Info:    Checking defaults for U/cmr/m/n on input line 48.
LaTeX Font Info:    ... okay on input line 48.
LaTeX Font Info:    Checking defaults for PD1/pdf/m/n on input line 48.
LaTeX Font Info:    ... okay on input line 48.

*geometry* driver: auto-detecting
*geometry* detected driver: pdftex
*geometry* verbose mode - [ preamble ] result:
* driver: pdftex
* paper: <default>
* layout: <same size as paper>
* layoutoffset:(h,v)=(0.0pt,0.0pt)
* modes: twoside 
* h-part:(L,W,R)=(72.26999pt, 469.75502pt, 72.26999pt)
* v-part:(T,H,B)=(72.26999pt, 650.43001pt, 72.26999pt)
* \paperwidth=614.295pt
* \paperheight=794.96999pt
* \textwidth=469.75502pt
* \textheight=650.43001pt
* \oddsidemargin=0.0pt
* \evensidemargin=0.0pt
* \topmargin=-30.06749pt
* \headheight=12.0pt
* \headsep=18.06749pt
* \topskip=10.0pt
* \footskip=25.29494pt
* \marginparwidth=125.0pt
* \marginparsep=7.0pt
* \columnsep=10.0pt
* \skip\footins=9.0pt plus 4.0pt minus 2.0pt
* \hoffset=0.0pt
* \voffset=0.0pt
* \mag=1000
* \@twocolumnfalse
* \@twosidetrue
* \@mparswitchtrue
* \@reversemarginfalse
* (1in=72.27pt=25.4mm, 1cm=28.453pt)

("C:\Program Files\MiKTeX 2.9\tex\context\base\supp-pdf.mkii"
[Loading MPS to PDF converter (version 2006.09.02).]
\scratchcounter=\count137
\scratchdimen=\dimen146
\scratchbox=\box31
\nofMPsegments=\count138
\nofMParguments=\count139
\everyMPshowfont=\toks28
\MPscratchCnt=\count140
\MPscratchDim=\dimen147
\MPnumerator=\count141
\makeMPintoPDFobject=\count142
\everyMPtoPDFconversion=\toks29
) ("C:\Program Files\MiKTeX 2.9\tex\latex\oberdiek\epstopdf-base.sty"
Package: epstopdf-base 2016/05/15 v2.6 Base part for package epstopdf
 ("C:\Program Files\MiKTeX 2.9\tex\latex\oberdiek\grfext.sty"
Package: grfext 2016/05/16 v1.2 Manage graphics extensions (HO)
)
Package epstopdf-base Info: Redefining graphics rule for `.eps' on input line 438.
Package grfext Info: Graphics extension search list:
(grfext)             [.png,.pdf,.jpg,.mps,.jpeg,.jbig2,.jb2,.PNG,.PDF,.JPG,.JPEG,.JBIG2,.JB2,.eps]
(grfext)             \AppendGraphicsExtensions on input line 456.
)
\AtBeginShipoutBox=\box32
Package hyperref Info: Link coloring OFF on input line 48.
 ("C:\Program Files\MiKTeX 2.9\tex\latex\hyperref\nameref.sty"
Package: nameref 2016/05/21 v2.44 Cross-referencing by name of section
 ("C:\Program Files\MiKTeX 2.9\tex\generic\oberdiek\gettitlestring.sty"
Package: gettitlestring 2016/05/16 v1.5 Cleanup title references (HO)
)
\c@section@level=\count143
)
LaTeX Info: Redefining \ref on input line 48.
LaTeX Info: Redefining \pageref on input line 48.
LaTeX Info: Redefining \nameref on input line 48.
 (c:/Users\unita\sall\s02-study\s3-develop\d11-prevabs_old\prevabs\share\doc\prevabs\PreVABS_Users_Manual.out) (c:/Users\unita\sall\s02-study\s3-develop\d11-prevabs_old\prevabs\share\doc\prevabs\PreVABS_Users_Manual.out)
\@outlinefile=\write3
\openout3 = `PreVABS_Users_Manual.out'.

\c@lstlisting=\count144
 [1


{C:/ProgramData/MiKTeX/2.9/pdftex/config/pdftex.map}] [2

] (c:/Users\unita\sall\s02-study\s3-develop\d11-prevabs_old\prevabs\share\doc\prevabs\PreVABS_Users_Manual.toc)
\tf@toc=\write4
\openout4 = `PreVABS_Users_Manual.toc'.

 [3] [4

]
Chapter 1.
LaTeX Font Info:    Try loading font information for OMS+cmr on input line 86.
("C:\Program Files\MiKTeX 2.9\tex\latex\base\omscmr.fd"
File: omscmr.fd 2014/09/29 v2.5h Standard LaTeX font definitions
)
LaTeX Font Info:    Font shape `OMS/cmr/m/n' in size <10> not available
(Font)              Font shape `OMS/cmsy/m/n' tried instead on input line 86.

Overfull \hbox (22.88103pt too wide) in paragraph at lines 127--130
[]\OT1/cmr/m/n/10 Download the ex-am-ples pack-age from cdmHUB ([]$\OT1/cmtt/m/n/10 https : / / cdmhub . org / resources / 1597 / supportingdocs$[]\OT1/cmr/m/n/10 ),
 []

[5] <figures/rungui0.png, id=184, 764.8575pt x 232.61906pt>
File: figures/rungui0.png Graphic file (type png)
 <use figures/rungui0.png>
Package pdftex.def Info: figures/rungui0.png used on input line 172.
(pdftex.def)             Requested size: 469.75502pt x 142.86996pt.
LaTeX Font Info:    Try loading font information for OMS+cmtt on input line 174.
LaTeX Font Info:    No file OMScmtt.fd. on input line 174.


LaTeX Font Warning: Font shape `OMS/cmtt/m/n' undefined
(Font)              using `OMS/cmsy/m/n' instead
(Font)              for symbol `textbackslash' on input line 174.

LaTeX Font Info:    Font shape `OT1/cmtt/bx/n' in size <10> not available
(Font)              Font shape `OT1/cmtt/m/n' tried instead on input line 193.
[6 <c:/Users/unita/sall/s02-study/s3-develop/d11-prevabs_old/prevabs/share/doc/prevabs/figures/rungui0.png>] <figures/rungui4.png, id=195, 1081.03876pt x 335.75438pt>
File: figures/rungui4.png Graphic file (type png)
 <use figures/rungui4.png>
Package pdftex.def Info: figures/rungui4.png used on input line 261.
(pdftex.def)             Requested size: 469.75502pt x 145.89827pt.
 [7] [8 <c:/Users/unita/sall/s02-study/s3-develop/d11-prevabs_old/prevabs/share/doc/prevabs/figures/rungui4.png>]
Chapter 2.
<figures/chart1.png, id=218, 1017.8025pt x 366.61969pt>
File: figures/chart1.png Graphic file (type png)
 <use figures/chart1.png>
Package pdftex.def Info: figures/chart1.png used on input line 302.
(pdftex.def)             Requested size: 234.8775pt x 84.60045pt.
 <figures/airfoil.png, id=219, 569.05511pt x 142.26378pt>
File: figures/airfoil.png Graphic file (type png)
 <use figures/airfoil.png>
Package pdftex.def Info: figures/airfoil.png used on input line 308.
(pdftex.def)             Requested size: 469.75502pt x 117.44286pt.
 [9

 <c:/Users/unita/sall/s02-study/s3-develop/d11-prevabs_old/prevabs/share/doc/prevabs/figures/chart1.png>] <figures/frames.png, id=235, 433.62pt x 108.405pt>
File: figures/frames.png Graphic file (type png)
 <use figures/frames.png>
Package pdftex.def Info: figures/frames.png used on input line 338.
(pdftex.def)             Requested size: 433.62pt x 108.40968pt.
 <figures/transforms.png, id=236, 569.05511pt x 85.35826pt>
File: figures/transforms.png Graphic file (type png)
 <use figures/transforms.png>
Package pdftex.def Info: figures/transforms.png used on input line 344.
(pdftex.def)             Requested size: 469.75502pt x 70.46571pt.
 [10 <c:/Users/unita/sall/s02-study/s3-develop/d11-prevabs_old/prevabs/share/doc/prevabs/figures/airfoil.png> <c:/Users/unita/sall/s02-study/s3-develop/d11-prevabs_old/prevabs/share/doc/prevabs/figures/frames.png> <c:/Users/unita/sall/s02-study/s3-develop/d11-prevabs_old/prevabs/share/doc/prevabs/figures/transforms.png>] <figures/baselinetypes.png, id=247, 433.62pt x 108.405pt>
File: figures/baselinetypes.png Graphic file (type png)
 <use figures/baselinetypes.png>
Package pdftex.def Info: figures/baselinetypes.png used on input line 412.
(pdftex.def)             Requested size: 433.62pt x 108.40968pt.
 ("C:\Program Files\MiKTeX 2.9\tex\latex\listings\lstlang1.sty"
File: lstlang1.sty 2015/06/04 1.6 listings language file
) ("C:\Program Files\MiKTeX 2.9\tex\latex\listings\lstmisc.sty"
File: lstmisc.sty 2015/06/04 1.6 (Carsten Heinz)
)
Package hyperref Info: bookmark level for unknown lstlisting defaults to 0 on input line 417.
 [11 <c:/Users/unita/sall/s02-study/s3-develop/d11-prevabs_old/prevabs/share/doc/prevabs/figures/baselinetypes.png>] <figures/baselinestraight.png, id=262, 569.05511pt x 113.81102pt>
File: figures/baselinestraight.png Graphic file (type png)
 <use figures/baselinestraight.png>
Package pdftex.def Info: figures/baselinestraight.png used on input line 468.
(pdftex.def)             Requested size: 469.75502pt x 93.95428pt.
 [12 <c:/Users/unita/sall/s02-study/s3-develop/d11-prevabs_old/prevabs/share/doc/prevabs/figures/baselinestraight.png>] <figures/baselinearc.png, id=284, 433.62pt x 108.405pt>
File: figures/baselinearc.png Graphic file (type png)
 <use figures/baselinearc.png>
Package pdftex.def Info: figures/baselinearc.png used on input line 525.
(pdftex.def)             Requested size: 433.62pt x 108.40968pt.
 <figures/baselinearc2.png, id=285, 433.62pt x 108.405pt>
File: figures/baselinearc2.png Graphic file (type png)
 <use figures/baselinearc2.png>
Package pdftex.def Info: figures/baselinearc2.png used on input line 531.
(pdftex.def)             Requested size: 433.62pt x 108.40968pt.
 [13 <c:/Users/unita/sall/s02-study/s3-develop/d11-prevabs_old/prevabs/share/doc/prevabs/figures/baselinearc.png>] <figures/layup.png, id=316, 433.62pt x 144.54pt>
File: figures/layup.png Graphic file (type png)
 <use figures/layup.png>
Package pdftex.def Info: figures/layup.png used on input line 599.
(pdftex.def)             Requested size: 433.62pt x 144.54623pt.
 [14 <c:/Users/unita/sall/s02-study/s3-develop/d11-prevabs_old/prevabs/share/doc/prevabs/figures/baselinearc2.png>] [15 <c:/Users/unita/sall/s02-study/s3-develop/d11-prevabs_old/prevabs/share/doc/prevabs/figures/layup.png>] <figures/elementalframe.png, id=371, 433.62pt x 108.405pt>
File: figures/elementalframe.png Graphic file (type png)
 <use figures/elementalframe.png>
Package pdftex.def Info: figures/elementalframe.png used on input line 724.
(pdftex.def)             Requested size: 433.62pt x 108.40968pt.
 [16] [17 <c:/Users/unita/sall/s02-study/s3-develop/d11-prevabs_old/prevabs/share/doc/prevabs/figures/elementalframe.png>] [18] <figures/segment.png, id=482, 433.62pt x 72.27pt>
File: figures/segment.png Graphic file (type png)
 <use figures/segment.png>
Package pdftex.def Info: figures/segment.png used on input line 908.
(pdftex.def)             Requested size: 433.62pt x 72.2731pt.
 <figures/joints.png, id=483, 433.62pt x 144.54pt>
File: figures/joints.png Graphic file (type png)
 <use figures/joints.png>
Package pdftex.def Info: figures/joints.png used on input line 914.
(pdftex.def)             Requested size: 433.62pt x 144.54623pt.
 [19 <c:/Users/unita/sall/s02-study/s3-develop/d11-prevabs_old/prevabs/share/doc/prevabs/figures/segment.png>] [20 <c:/Users/unita/sall/s02-study/s3-develop/d11-prevabs_old/prevabs/share/doc/prevabs/figures/joints.png>] <figures/filling1.png, id=535, 433.62pt x 92.0238pt>
File: figures/filling1.png Graphic file (type png)
 <use figures/filling1.png>
Package pdftex.def Info: figures/filling1.png used on input line 1009.
(pdftex.def)             Requested size: 433.62pt x 92.02779pt.
 [21 <c:/Users/unita/sall/s02-study/s3-develop/d11-prevabs_old/prevabs/share/doc/prevabs/figures/filling1.png>] [22] [23] [24

]
Chapter 3.
[25] <figures/examplebox0.png, id=618, 692.5875pt x 456.20438pt>
File: figures/examplebox0.png Graphic file (type png)
 <use figures/examplebox0.png>
Package pdftex.def Info: figures/examplebox0.png used on input line 1218.
(pdftex.def)             Requested size: 234.8775pt x 154.71065pt.
 <figures/examplebox1.png, id=626, 433.62pt x 126.11115pt>
File: figures/examplebox1.png Graphic file (type png)
 <use figures/examplebox1.png>
Package pdftex.def Info: figures/examplebox1.png used on input line 1270.
(pdftex.def)             Requested size: 433.61894pt x 126.11082pt.


LaTeX Warning: `h' float specifier changed to `ht'.

<figures/examplebox.png, id=627, 907.13907pt x 508.90125pt>
File: figures/examplebox.png Graphic file (type png)
 <use figures/examplebox.png>
Package pdftex.def Info: figures/examplebox.png used on input line 1276.
(pdftex.def)             Requested size: 234.8775pt x 131.75987pt.


LaTeX Warning: `h' float specifier changed to `ht'.

[26 <c:/Users/unita/sall/s02-study/s3-develop/d11-prevabs_old/prevabs/share/doc/prevabs/figures/examplebox0.png>] [27 <c:/Users/unita/sall/s02-study/s3-develop/d11-prevabs_old/prevabs/share/doc/prevabs/figures/examplebox1.png> <c:/Users/unita/sall/s02-study/s3-develop/d11-prevabs_old/prevabs/share/doc/prevabs/figures/examplebox.png>] <figures/examplepipe0.png, id=644, 557.83406pt x 291.33844pt>
File: figures/examplepipe0.png Graphic file (type png)
 <use figures/examplepipe0.png>
Package pdftex.def Info: figures/examplepipe0.png used on input line 1288.
(pdftex.def)             Requested size: 352.31625pt x 184.00652pt.
 <figures/examplepipe1.png, id=653, 433.62pt x 127.73723pt>
File: figures/examplepipe1.png Graphic file (type png)
 <use figures/examplepipe1.png>
Package pdftex.def Info: figures/examplepipe1.png used on input line 1345.
(pdftex.def)             Requested size: 433.61894pt x 127.73691pt.


LaTeX Warning: `h' float specifier changed to `ht'.

<figures/examplepipe2.png, id=654, 433.62pt x 111.65715pt>
File: figures/examplepipe2.png Graphic file (type png)
 <use figures/examplepipe2.png>
Package pdftex.def Info: figures/examplepipe2.png used on input line 1351.
(pdftex.def)             Requested size: 433.61894pt x 111.65686pt.


LaTeX Warning: `h' float specifier changed to `ht'.

<figures/examplepipe.png, id=655, 911.65594pt x 308.65312pt>
File: figures/examplepipe.png Graphic file (type png)
 <use figures/examplepipe.png>
Package pdftex.def Info: figures/examplepipe.png used on input line 1357.
(pdftex.def)             Requested size: 352.31625pt x 119.28159pt.


LaTeX Warning: `h' float specifier changed to `ht'.

[28

 <c:/Users/unita/sall/s02-study/s3-develop/d11-prevabs_old/prevabs/share/doc/prevabs/figures/examplepipe0.png>] [29 <c:/Users/unita/sall/s02-study/s3-develop/d11-prevabs_old/prevabs/share/doc/prevabs/figures/examplepipe1.png> <c:/Users/unita/sall/s02-study/s3-develop/d11-prevabs_old/prevabs/share/doc/prevabs/figures/examplepipe2.png> <c:/Users/unita/sall/s02-study/s3-develop/d11-prevabs_old/prevabs/share/doc/prevabs/figures/examplepipe.png>] <figures/examplecircle1.png, id=676, 433.62pt x 118.64325pt>
File: figures/examplecircle1.png Graphic file (type png)
 <use figures/examplecircle1.png>
Package pdftex.def Info: figures/examplecircle1.png used on input line 1408.
(pdftex.def)             Requested size: 433.62pt x 118.64836pt.
 <figures/examplecircle.png, id=677, 461.47406pt x 461.47406pt>
File: figures/examplecircle.png Graphic file (type png)
 <use figures/examplecircle.png>
Package pdftex.def Info: figures/examplecircle.png used on input line 1414.
(pdftex.def)             Requested size: 216.81pt x 216.80833pt.


LaTeX Warning: `h' float specifier changed to `ht'.

[30

 <c:/Users/unita/sall/s02-study/s3-develop/d11-prevabs_old/prevabs/share/doc/prevabs/figures/examplecircle1.png>] [31 <c:/Users/unita/sall/s02-study/s3-develop/d11-prevabs_old/prevabs/share/doc/prevabs/figures/examplecircle.png>] <figures/ex_channel_0.png, id=693, 484.81125pt x 481.8pt>
File: figures/ex_channel_0.png Graphic file (type png)
 <use figures/ex_channel_0.png>
Package pdftex.def Info: figures/ex_channel_0.png used on input line 1427.
(pdftex.def)             Requested size: 187.89914pt x 186.73232pt.


LaTeX Warning: `h' float specifier changed to `ht'.

<figures/ex_channel_1.png, id=702, 433.62pt x 122.859pt>
File: figures/ex_channel_1.png Graphic file (type png)
 <use figures/ex_channel_1.png>
Package pdftex.def Info: figures/ex_channel_1.png used on input line 1489.
(pdftex.def)             Requested size: 433.62pt x 122.86429pt.


LaTeX Warning: `h' float specifier changed to `ht'.

<figures/ex_channel_mesh.png, id=703, 520.94624pt x 520.19344pt>
File: figures/ex_channel_mesh.png Graphic file (type png)
 <use figures/ex_channel_mesh.png>
Package pdftex.def Info: figures/ex_channel_mesh.png used on input line 1495.
(pdftex.def)             Requested size: 187.89914pt x 187.62668pt.


LaTeX Warning: `h' float specifier changed to `ht'.

[32

 <c:/Users/unita/sall/s02-study/s3-develop/d11-prevabs_old/prevabs/share/doc/prevabs/figures/ex_channel_0.png>] [33 <c:/Users/unita/sall/s02-study/s3-develop/d11-prevabs_old/prevabs/share/doc/prevabs/figures/ex_channel_1.png> <c:/Users/unita/sall/s02-study/s3-develop/d11-prevabs_old/prevabs/share/doc/prevabs/figures/ex_channel_mesh.png>] <figures/exampleibeam0.png, id=721, 433.62pt x 172.36395pt>
File: figures/exampleibeam0.png Graphic file (type png)
 <use figures/exampleibeam0.png>
Package pdftex.def Info: figures/exampleibeam0.png used on input line 1507.
(pdftex.def)             Requested size: 433.62pt x 172.3714pt.


Package numprint Warning: mantissa exceeds reserved space before
(numprint)                decimal sign on input line 1543.


Package numprint Warning: mantissa exceeds reserved space before
(numprint)                decimal sign on input line 1543.


Package numprint Warning: mantissa exceeds reserved space before
(numprint)                decimal sign on input line 1543.


Package numprint Warning: mantissa exceeds reserved space before
(numprint)                decimal sign on input line 1543.


Package numprint Warning: mantissa exceeds reserved space before
(numprint)                decimal sign on input line 1543.


Package numprint Warning: mantissa exceeds reserved space before
(numprint)                decimal sign on input line 1543.


Package numprint Warning: mantissa exceeds reserved space before
(numprint)                decimal sign on input line 1543.


Package numprint Warning: mantissa exceeds reserved space before
(numprint)                decimal sign on input line 1543.


Package numprint Warning: mantissa exceeds reserved space before
(numprint)                decimal sign on input line 1544.


Package numprint Warning: mantissa exceeds reserved space before
(numprint)                decimal sign on input line 1544.


Package numprint Warning: mantissa exceeds reserved space before
(numprint)                decimal sign on input line 1544.


Package numprint Warning: mantissa exceeds reserved space before
(numprint)                decimal sign on input line 1544.


Package numprint Warning: mantissa exceeds reserved space before
(numprint)                decimal sign on input line 1544.


Package numprint Warning: mantissa exceeds reserved space before
(numprint)                decimal sign on input line 1544.


Package numprint Warning: mantissa exceeds reserved space before
(numprint)                decimal sign on input line 1544.


Package numprint Warning: mantissa exceeds reserved space before
(numprint)                decimal sign on input line 1544.


Package numprint Warning: mantissa exceeds reserved space before
(numprint)                decimal sign on input line 1546.


Package numprint Warning: mantissa exceeds reserved space before
(numprint)                decimal sign on input line 1546.


Package numprint Warning: mantissa exceeds reserved space before
(numprint)                decimal sign on input line 1546.


Package numprint Warning: mantissa exceeds reserved space before
(numprint)                decimal sign on input line 1546.


Package numprint Warning: mantissa exceeds reserved space before
(numprint)                decimal sign on input line 1546.


Package numprint Warning: mantissa exceeds reserved space before
(numprint)                decimal sign on input line 1546.


Package numprint Warning: mantissa exceeds reserved space before
(numprint)                decimal sign on input line 1546.


Package numprint Warning: mantissa exceeds reserved space before
(numprint)                decimal sign on input line 1546.


Package numprint Warning: mantissa exceeds reserved space before
(numprint)                decimal sign on input line 1547.


Package numprint Warning: mantissa exceeds reserved space before
(numprint)                decimal sign on input line 1547.


Package numprint Warning: mantissa exceeds reserved space before
(numprint)                decimal sign on input line 1547.


Package numprint Warning: mantissa exceeds reserved space before
(numprint)                decimal sign on input line 1547.


Package numprint Warning: mantissa exceeds reserved space before
(numprint)                decimal sign on input line 1547.


Package numprint Warning: mantissa exceeds reserved space before
(numprint)                decimal sign on input line 1547.


Package numprint Warning: mantissa exceeds reserved space before
(numprint)                decimal sign on input line 1547.


Package numprint Warning: mantissa exceeds reserved space before
(numprint)                decimal sign on input line 1547.


Package numprint Warning: mantissa exceeds reserved space before
(numprint)                decimal sign on input line 1549.


Package numprint Warning: mantissa exceeds reserved space before
(numprint)                decimal sign on input line 1549.


Package numprint Warning: mantissa exceeds reserved space before
(numprint)                decimal sign on input line 1549.


Package numprint Warning: mantissa exceeds reserved space before
(numprint)                decimal sign on input line 1549.

<figures/exampleibeam1.png, id=726, 433.62pt x 155.98276pt>
File: figures/exampleibeam1.png Graphic file (type png)
 <use figures/exampleibeam1.png>
Package pdftex.def Info: figures/exampleibeam1.png used on input line 1555.
(pdftex.def)             Requested size: 433.62pt x 155.9895pt.


LaTeX Warning: `h' float specifier changed to `ht'.

<figures/exampleibeam.png, id=727, 535.2497pt x 535.2497pt>
File: figures/exampleibeam.png Graphic file (type png)
 <use figures/exampleibeam.png>
Package pdftex.def Info: figures/exampleibeam.png used on input line 1561.
(pdftex.def)             Requested size: 144.54pt x 144.53568pt.


LaTeX Warning: `h' float specifier changed to `ht'.

[34

 <c:/Users/unita/sall/s02-study/s3-develop/d11-prevabs_old/prevabs/share/doc/prevabs/figures/exampleibeam0.png>] [35 <c:/Users/unita/sall/s02-study/s3-develop/d11-prevabs_old/prevabs/share/doc/prevabs/figures/exampleibeam1.png> <c:/Users/unita/sall/s02-study/s3-develop/d11-prevabs_old/prevabs/share/doc/prevabs/figures/exampleibeam.png>] <figures/examplemh1040.png, id=743, 484.05844pt x 196.48407pt>
File: figures/examplemh1040.png Graphic file (type png)
 <use figures/examplemh1040.png>
Package pdftex.def Info: figures/examplemh1040.png used on input line 1574.
(pdftex.def)             Requested size: 397.48499pt x 161.34882pt.


LaTeX Warning: `h' float specifier changed to `ht'.

<figures/examplemh1041.png, id=752, 469.755pt x 79.497pt>
File: figures/examplemh1041.png Graphic file (type png)
 <use figures/examplemh1041.png>
Package pdftex.def Info: figures/examplemh1041.png used on input line 1647.
(pdftex.def)             Requested size: 469.75499pt x 79.4968pt.
 <figures/examplemh1042.png, id=753, 469.755pt x 90.0966pt>
File: figures/examplemh1042.png Graphic file (type png)
 <use figures/examplemh1042.png>
Package pdftex.def Info: figures/examplemh1042.png used on input line 1653.
(pdftex.def)             Requested size: 469.75499pt x 90.09637pt.


LaTeX Warning: `h' float specifier changed to `ht'.

<figures/examplemh1043.png, id=754, 469.755pt x 106.35735pt>
File: figures/examplemh1043.png Graphic file (type png)
 <use figures/examplemh1043.png>
Package pdftex.def Info: figures/examplemh1043.png used on input line 1659.
(pdftex.def)             Requested size: 469.75499pt x 106.35707pt.


LaTeX Warning: `h' float specifier changed to `ht'.

<figures/examplemh104.png, id=755, 1273.75874pt x 220.57407pt>
File: figures/examplemh104.png Graphic file (type png)
 <use figures/examplemh104.png>
Package pdftex.def Info: figures/examplemh104.png used on input line 1665.
(pdftex.def)             Requested size: 469.75499pt x 81.34523pt.


LaTeX Warning: `h' float specifier changed to `ht'.


Package numprint Warning: mantissa exceeds reserved space before
(numprint)                decimal sign on input line 1675.


Package numprint Warning: mantissa exceeds reserved space before
(numprint)                decimal sign on input line 1675.


Package numprint Warning: mantissa exceeds reserved space before
(numprint)                decimal sign on input line 1675.


Package numprint Warning: mantissa exceeds reserved space before
(numprint)                decimal sign on input line 1675.


LaTeX Warning: `h' float specifier changed to `ht'.


Package numprint Warning: mantissa exceeds reserved space before
(numprint)                decimal sign on input line 1691.


Package numprint Warning: mantissa exceeds reserved space before
(numprint)                decimal sign on input line 1691.


Package numprint Warning: mantissa exceeds reserved space before
(numprint)                decimal sign on input line 1691.


Package numprint Warning: mantissa exceeds reserved space before
(numprint)                decimal sign on input line 1691.


LaTeX Warning: `h' float specifier changed to `ht'.

<figures/examplemh104_comparison.png, id=758, 485.56406pt x 350.05782pt>
File: figures/examplemh104_comparison.png Graphic file (type png)
 <use figures/examplemh104_comparison.png>
Package pdftex.def Info: figures/examplemh104_comparison.png used on input line 1709.
(pdftex.def)             Requested size: 433.62pt x 312.60806pt.


LaTeX Warning: `h' float specifier changed to `ht'.

[36

 <c:/Users/unita/sall/s02-study/s3-develop/d11-prevabs_old/prevabs/share/doc/prevabs/figures/examplemh1040.png> <c:/Users/unita/sall/s02-study/s3-develop/d11-prevabs_old/prevabs/share/doc/prevabs/figures/examplemh1041.png>] [37 <c:/Users/unita/sall/s02-study/s3-develop/d11-prevabs_old/prevabs/share/doc/prevabs/figures/examplemh1042.png> <c:/Users/unita/sall/s02-study/s3-develop/d11-prevabs_old/prevabs/share/doc/prevabs/figures/examplemh1043.png>] [38 <c:/Users/unita/sall/s02-study/s3-develop/d11-prevabs_old/prevabs/share/doc/prevabs/figures/examplemh104.png>] [39 <c:/Users/unita/sall/s02-study/s3-develop/d11-prevabs_old/prevabs/share/doc/prevabs/figures/examplemh104_comparison.png>]
Overfull \hbox (28.99107pt too wide) in paragraph at lines 1719--1734
[][][][][][][]\OT1/cmr/m/n/10 , [][][][][][][], [][][][][][][], [][][][][][][], and [][][][][][][]. 
 []

<figures/examplemh104r.png, id=793, 788.9475pt x 335.75438pt>
File: figures/examplemh104r.png Graphic file (type png)
 <use figures/examplemh104r.png>
Package pdftex.def Info: figures/examplemh104r.png used on input line 1754.
(pdftex.def)             Requested size: 433.62pt x 184.5374pt.
 (c:/Users\unita\sall\s02-study\s3-develop\d11-prevabs_old\prevabs\share\doc\prevabs\PreVABS_Users_Manual.bbl [40

 <c:/Users/unita/sall/s02-study/s3-develop/d11-prevabs_old/prevabs/share/doc/prevabs/figures/examplemh104r.png>])
Package atveryend Info: Empty hook `BeforeClearDocument' on input line 1766.
 [41

]
Package atveryend Info: Empty hook `AfterLastShipout' on input line 1766.
 (c:/Users\unita\sall\s02-study\s3-develop\d11-prevabs_old\prevabs\share\doc\prevabs\PreVABS_Users_Manual.aux)
Package atveryend Info: Executing hook `AtVeryEndDocument' on input line 1766.
Package atveryend Info: Executing hook `AtEndAfterFileList' on input line 1766.
Package rerunfilecheck Info: File `PreVABS_Users_Manual.out' has not changed.
(rerunfilecheck)             Checksum: 871A7B05DB1865F55892EC5BDE60A84E;1914.


LaTeX Font Warning: Some font shapes were not available, defaults substituted.


LaTeX Warning: There were multiply-defined labels.

Package atveryend Info: Empty hook `AtVeryVeryEnd' on input line 1766.
 ) 
Here is how much of TeX's memory you used:
 9492 strings out of 493333
 140479 string characters out of 3139194
 288670 words of memory out of 3000000
 12497 multiletter control sequences out of 15000+200000
 11889 words of font info for 43 fonts, out of 3000000 for 9000
 1141 hyphenation exceptions out of 8191
 73i,13n,89p,376b,1780s stack positions out of 5000i,500n,10000p,200000b,50000s
<C:/Program Files/MiKTeX 2.9/fonts/type1/public/amsfonts/cm/cmbx10.pfb><C:/Program Files/MiKTeX 2.9/fonts/type1/public/amsfonts/cm/cmbx12.pfb><C:/Program Files/MiKTeX 2.9/fonts/type1/public/amsfonts/cm/cmex10.pfb><C:/Program Files/MiKTeX 2.9/fonts/type1/public/amsfonts/cm/cmitt10.pfb><C:/Program Files/MiKTeX 2.9/fonts/type1/public/amsfonts/cm/cmmi10.pfb><C:/Program Files/MiKTeX 2.9/fonts/type1/public/amsfonts/cm/cmmi7.pfb><C:/Program Files/MiKTeX 2.9/fonts/type1/public/amsfonts/cm/cmr10.pfb><C:/Program Files/MiKTeX 2.9/fonts/type1/public/amsfonts/cm/cmr12.pfb><C:/Program Files/MiKTeX 2.9/fonts/type1/public/amsfonts/cm/cmr17.pfb><C:/Program Files/MiKTeX 2.9/fonts/type1/public/amsfonts/cm/cmr7.pfb><C:/Program Files/MiKTeX 2.9/fonts/type1/public/amsfonts/cm/cmsl10.pfb><C:/Program Files/MiKTeX 2.9/fonts/type1/public/amsfonts/cm/cmsy10.pfb><C:/Program Files/MiKTeX 2.9/fonts/type1/public/amsfonts/cm/cmsy7.pfb><C:/Program Files/MiKTeX 2.9/fonts/type1/public/amsfonts/cm/cmti10.pfb><C:/Program Files/MiKTeX 2.9/fonts/type1/public/amsfonts/cm/cmtt10.pfb>
Output written on c:/Users/unita/sall/s02-study/s3-develop/d11-prevabs_old/prevabs/share/doc/prevabs/PreVABS_Users_Manual.pdf (41 pages, 3519429 bytes).
PDF statistics:
 933 PDF objects out of 1000 (max. 8388607)
 378 named destinations out of 1000 (max. 500000)
 418 words of extra memory for PDF output out of 10000 (max. 10000000)

